[    0.000000] Initializing cgroup subsys cpuset
[    0.000000] Initializing cgroup subsys cpu
[    0.000000] Initializing cgroup subsys cpuacct
[    0.000000] Linux version 4.4.0-197-generic (buildd@lcy01-amd64-026) (gcc version 5.4.0 20160609 (Ubuntu 5.4.0-6ubuntu1~16.04.12) ) #229-Ubuntu SMP Wed Nov 25 11:05:42 UTC 2020 (Ubuntu 4.4.0-197.229-generic 4.4.241)
[    0.000000] Command line: BOOT_IMAGE=/boot/vmlinuz-4.4.0-197-generic root=LABEL=cloudimg-rootfs ro console=tty1 console=ttyS0
[    0.000000] KERNEL supported cpus:
[    0.000000]   Intel GenuineIntel
[    0.000000]   AMD AuthenticAMD
[    0.000000]   Centaur CentaurHauls
[    0.000000] x86/fpu: xstate_offset[2]:  576, xstate_sizes[2]:  256
[    0.000000] x86/fpu: Supporting XSAVE feature 0x01: 'x87 floating point registers'
[    0.000000] x86/fpu: Supporting XSAVE feature 0x02: 'SSE registers'
[    0.000000] x86/fpu: Supporting XSAVE feature 0x04: 'AVX registers'
[    0.000000] x86/fpu: Enabled xstate features 0x7, context size is 832 bytes, using 'standard' format.
[    0.000000] e820: BIOS-provided physical RAM map:
[    0.000000] BIOS-e820: [mem 0x0000000000000000-0x000000000009fbff] usable
[    0.000000] BIOS-e820: [mem 0x000000000009fc00-0x000000000009ffff] reserved
[    0.000000] BIOS-e820: [mem 0x00000000000f0000-0x00000000000fffff] reserved
[    0.000000] BIOS-e820: [mem 0x0000000000100000-0x000000003ffeffff] usable
[    0.000000] BIOS-e820: [mem 0x000000003fff0000-0x00000000fffffff] ACPI data
[    0.000000] BIOS-e820: [mem 0x00000000fec00000-0x00000000fec00fff] reserved
[    0.000000] BIOS-e820: [mem 0x00000000fee00000-0x00000000fee00fff] reserved
[    0.000000] BIOS-e820: [mem 0x00000000fffc0000-0x00000000ffffffff] reserved
[    0.000000] NX (Execute Disable) protection: active
[    0.000000] SMBIOS 2.5 present.
[    0.000000] Hypervisor detected: KVM
[    0.000000] e820: last_pfn = 0x3fff0 max_arch_pfn = 0x400000000
[    0.000000] MTRR: Disabled
[    0.000000] x86/PAT: MTRRs disabled, skipping PAT initialization too.
[    0.000000] CPU MTRRs all blank - virtualized system.
[    0.000000] x86/PAT: Configuration [0-7]: WB  WT  UC- UC  WB  WT  UC- UC  
[    0.000000] found SMP MP-table at [mem 0x0009fff0-0x0009ffff] mapped at [ffff88000009fff0]
[    0.000000] Scanning 1 areas for low memory corruption
[    0.000000] RAMDISK: [mem 0x362de000-0x37166fff]
[    0.000000] ACPI: Early table checksum verification disabled
[    0.000000] ACPI: RSDP 0x00000000000E0000 000024 (v02 VBOX  )
[    0.000000] ACPI: XSDT 0x000000003FFF0030 00003C (v01 VBOX   VBOXXSDT 00000001 ASL  00000061)
[    0.000000] ACPI: FACP 0x000000003FFF00F0 0000F4 (v04 VBOX   VBOXFACP 00000001 ASL  00000061)
[    0.000000] ACPI: DSDT 0x000000003FFF0470 0021C8 (v02 VBOX   VBOXBIOS 00000002 INTL 20100528)
[    0.000000] ACPI: FACS 0x000000003FFF0200 000040
[    0.000000] ACPI: FACS 0x000000003FFF0200 000040
[    0.000000] ACPI: APIC 0x000000003FFF0240 00005C (v02 VBOX   VBOXAPIC 00000001 ASL  00000061)
[    0.000000] ACPI: SSDT 0x000000003FFF02A0 0001CC (v01 VBOX   VBOXCPUT 00000002 INTL 20100528)
[    0.000000] No NUMA configuration found
[    0.000000] Faking a node at [mem 0x0000000000000000-0x000000003ffeffff]
[    0.000000] NODE_DATA(0) allocated [mem 0x3ffeb000-0x3ffeffff]
[    0.000000] kvm-clock: Using msrs 4b564d01 and 4b564d00
[    0.000000] kvm-clock: cpu 0, msr 0:3ffe3001, mary cpu clock
[    0.000000] kvm-clock: using scched offset of 4141292899 cycles
[    0.000000] clocksource: kvm-clock: mask: 0xffffffffffffffff max_cycles: 0x1cd42e4dffb, max_idle_ns: 881590591483 ns
[    0.000000] Zone ranges:
[    0.000000]   DMA      [mem 0x0000000000001000-0x0000000000ffffff]
[    0.000000]   DMA32    [mem 0x0000000001000000-0x000000003ffeffff]
[    0.000000]   Normal   empty
[    0.000000]   Device   empty
[    0.000000] Movable zone start for each node
[    0.000000] Early memory node ranges
[    0.000000]   node   0: [mem 0x0000000000001000-0x000000000009efff]
[    0.000000]   node   0: [mem 0x0000000000100000-0x000000003ffeffff]
[ .000000] Initmem setup node 0 [mem 0x0000000000001000-0x000000003ffeffff]
[    0.000000] ACPI: PM-Timer IO Port: 0x4008
[    0.000000] IOAPIC[0]: apic_id 2, version 32, address 0xfec00000, GSI 0-23
[    0.000000] ACPI: INT_SRC_OVR (bus 0 bus_irq 0 global_irq 2 dfl dfl)
[    0.000000] ACPI: INT_SRC_OVR (bus 0 bus_irq 9 global_irq 9 high level)
[    0.000000] Using ACPI (MADT) for SMP configuration information
[    0.000000] smpboot: Allowing 2 CPUs, 0 hotplug CPUs
[    0.000000] PM: Registered nosave memory: [mem 0x00000000-0x00000fff]
[    0.000000] PM: Registered nosave memory: [mem 0x0009f000-0x0009ffff]
[    0.000000] PM: Registered nosave memory: [mem 0x000a0000-0x000effff]
[    0.000000] PM: Registered nosave memory: [mem 0x000f0000-0x000fffff]
[    0.000000] e820: [mem 0x40000000-0xfebfffff] available for PCI devices
[    0.000000] Booting paravirtualized kernel on KVM
[    0.000000] clocksource: refined-jiffies: mask: 0xffffffff max_cycles: 0xffffffff, max_idle_ns: 7645519600211568 ns
[    0.000000] setup_percpu: NR_CPUS:512 nr_cpumask_bits:512 nr_cpu_ids:2 nr_node_ids:1
[    0.000000] PERCPU: Embedded 33 pages/cpu @ffff88003fc00000 s95512 r8192 d31464 u1048576
[    0.000000] Built 1 zonelists in Node order, mobility grouping on.  Total pages: 257912
[    0.000000] Policy zone: DMA32
[    0.000000] Kernel command line: BOOT_IMAGE=/boot/vmlinuz-4.4.0-197-generic root=LABEL=cloudimg-rootfs ro console=tty1 console=ttyS0
[    0.000000] PID hash table entries: 4096 (order: 3, 32768 bytes)
[    0.000000] Memory: 997652K/1048120K available (8637K kernel code, 1347K rwdata, 4032K rodata, 1492K init, 1296K bss, 50468K reserved, 0K cma-reserved)
[    0.000000] SLUB: HWalign=64, Order=0-3, MinObjects=0, CPUs=2, Nodes=1
[    0.000000] Kernel/User page tables isolation: enabled
[    0.000000] Hierarchical RCU implementation.
[    0.000000] 	Build-time adjustment of leaf fanout to 64.
[    0.000000] 	RCU restricting CPUs from NR_CPUS=512 to nr_cpu_ids=2.
[    0.000000] RCU: Adjusting geometry for rcu_fanout_leaf=64, nr_cpu_ids=2
[    0.000000] NR_IRQS:33024 nr_irqs:440 16
[    0.000000] Console: colour VGA+ 80x25
[    0.000000] console [tty1] enabled
[    0.000000] console [ttyS0] enabled
[    0.000000] tsc: Detected 2294.782 MHz processor
[    5.247500] Calibrating delay loop (skipped) preset value.. 4589.56 BogoMIPS (lpj=9179128)
[    5.283026] pid_max: default: 32768 minimum: 301
[    5.292944] ACPI: Core revision 20150930
[    5.295801] ACPI: 2 ACPI AML tables successfully acquired and loaded
[    5.301367] Security Framework initialized
[    5.302913] Yama: becoming mindful.
[    5.309342] AppArmor: AppArmor initialized
[    5.311019] Dentry cache hash table entries: 131072 (order: 8, 1048576 bytes)
[    5.314667] Inode-cache hash table entries: 65536 (order: 7, 524288 bytes)
[    5.325016] Mount-cache hash table entries: 2048 (order: 2, 16384 bytes)
[    5.327216] Mountpoint-cache hash table entries: 2048 (order: 2, 16384 bytes)
[    5.329637] Initializing cgroup subsys io
[    5.337908] Initializing cgroup subsys memory
[   5.350261] Initializing cgroup subsys devices

[    5.369572] Initializing cgroup subsys freezer
[    5.373774] Initializing cgroup subsys net_cls
[    5.375361] Initializing cgroup subsys perf_event
[    5.383478] Initializing cgroup subsys net_prio
[    5.384562] Initializing cgroup subsys hugetlb
[    5.385628] Initializing cgroup subsys pids
[    5.388368] mce: CPU supports 0 MCE banks
[    5.404231] Last level iTLB entries: 4KB 512, 2MB 8, 4MB 8
[    5.406046] Last level dTLB entries: 4KB 512, 2MB 32, 4MB 32, 1GB 0
[    5.407804] Spectre V1 : Mitigation: usercopy/swapgs barriers and __user pointer sanitization
[    5.409788] Spectre V2 : Mitigation: Full generic retpoline
[    5.411178] Spectre V2 : Spectre v2 / SpectreRSB mitigation: Filling RSB on context switch
[    5.413188] Speculative Store Bypass: Vulnerable
[    5.414419] MDS: Vulnerable: Clear CPU buffers attempted, no microcode
[    5.419943] Freeing SMP alternatives memory: 36K
[    5.433584] ftrace: allocating 32346 entries in 127 pages
[    5.515201] smpboot: APIC(0) Converting physical 0 to logical package 0
[    5.517877] smpboot: Max logical packages: 1
[    5.548939] x2apic enabled
[    5.562692] Switched APIC routing to physical x2apic.
[    5.565862] ..TIMER: vector=0x30 apic1=0 pin1=2 apic2=-1 pin2=-1
[    5.753726] smpboot: CPU0: Intel(R) Core(TM) i5-2410M CPU @ 2.30GHz (family: 0x6, model: 0x2a, stepping: 0x7)
[    5.962409] Performance Events: unsupported p6 CPU model 42 no PMU driver, software events only.
[    6.190424] KVM setup paravirtual spinlock
[    6.308330] x86: Booting SMP configuration:
[    6.374437] .... node  #0, CPUs:      #1
[    6.375909] kvm-clock: cpu 1, msr 0:3ffe3041, secondary cpu clock
[    6.377279] mce: CPU supports 0 MCE banks
[    6.380138] x86: Booted up 1 node, 2 CPUs
[    6.381820] smpboot: Total of 2 processors activated (9179.12 BogoMIPS)
[    6.384585] devtmpfs: initialized
[    6.390821] evm: security.selinux
[    6.393260] evm: security.SMACK64
[    6.394338] evm: security.SMACK64EXEC
[    6.395531] evm: security.SMACK64TRANSMUTE
[    6.399070] evm: security.SMACK64MMAP
[    6.400501] evm: security.ima
[    6.401764] evm: security.capability
[    6.403480] clocksource: jiffies: mask: 0xffffffff max_cycles: 0xffffffff, max_idle_ns: 7645041785100000 ns
[    6.409430] futex hash table entries: 512 (order: 3, 32768 bytes)
[    6.411493] pinctrl core: initialized pinctrl subsystem
[    6.413300] RTC time:  6:11:32, date: 12/20/20
[    6.414998] NET: Registered protocol family 16
[    6.427367] cpuidle: using governor ladder
[    6.440075] cpuidle: using governor menu
[    6.441427] PCCT header not found.
[    6.442675] ACPI: bus type PCI registered
[    6.444054] acpiphp: ACPI Hot Plug PCI Controller Driver version: 0.5
[    6.446110] PCI: Using configuration type 1 for base access
[    6.461525] ACPI: Added _OSI(Module Device)
[    6.464909] ACPI: Added _OSI(Processor Device)
[    6.466399] ACPI: Added _OSI(3.0 _SCP Extensions)
[    6.467885] ACPI: Added _OSI(Processor Aggregator Device)
[    6.474075] ACPI: Executed 1 blocks of module-level executable AML code
[    6.478773] ACPI: Interpreter enabled
[    6.480037] ACPI: (supports S0 S5)
[    6.481211] ACPI: Using IOAPIC for interrupt routing
[    6.482963] PCI: Using host bridge windows from ACPI; if necessary, use "pci=nocrs" and report a bug
[    6.495098] ACPI: PCI Root Bridge [PCI0] (domain 0000 [bus 00-ff])
[    6.497195] acpi PNP0A03:00: _OSC: OS supports [ASPM ClockPM Segments MSI]
[    6.499488] acpi PNP0A03:00: _OSC failed (AE_NOT_FOUND); disabling ASPM
[    6.501727] acpi PNP0A03:00: fail to add MMCONFIG information, can't access extended PCI configuration space under this bridge.
[    6.511218] PCI host bridge to bus 0000:00
[    6.512844] pci_bus 0000:00: root bus resource [io  0x0000-0x0cf7 window]
[    6.515104] pci_bus 0000:00: root bus resource [io  0x0d00-0xffff window]
[    6.516643] pci_bus 0000:00: root bus resource [mem 0x000a0000-0x000bffff window]
[    6.518474] pci_bus 0000:00: root bus resource [mem 0x40000000-0xffdfffff window]
[    6.520261] pci_bus 0000:00: root bus resource [bus 00-ff]
[    6.523808] pci 0000:00:01.1: legacy IDE quirk: reg 0x10: [io  0x01f0-0x01f7]
[    6.525372] pci 0000:00:01.1: legacy IDE quirk: reg 0x14: [io  0x03f6]
[    6.526824] pci 0000:00:01.1: legacy IDE quirk: reg 0x18: [io  0x0170-0x0177]
[    6.528361] pci 0000:00:01.1: legacy IDE quirk: reg 0x1c: [io  0x0376]
[    6.557545] pci 0000:00:07.0: quirk: [io  0x4000-0x403f] claimed by PIIX4 ACPI
[    6.601050] pci 0000:00:07.0: quirk: [io  0x4100-0x410f] claimed by PIIX4 SMB
[    6.612368] ACPI: PCI Interrupt Link [LNKA] (IRQs 5 9 10 *11)
[    6.620008] ACPI: PCI Interrupt Link [LNKB] (IRQs 5 9 10 *11)
[    6.621896] ACPI: PCI Interrupt Link [LNKC] (IRQs 5 9 *10 11)
[    6.623768] ACPI: PCI Interrupt Link [LNKD] (IRQs 5 *9 10 11)
[    6.629626] ACPI: Enabled 2 GPEs in block 00 to 07
[    6.631318] vgaarb: setting as boot device: PCI:0000:00:02.0
[    6.718174] vgaarb: device added: PCI:0000:00:02.0,decodes=io+mem,owns=io+mem,locks=none
[    6.881747] vgaarb: loaded
[    6.934943] vgaarb: bridge control possible 0000:00:02.0
[    7.062632] SCSI subsystem initialized
[    7.159372] ACPI: bus type USB registered
[    7.260743] usbcore: registered new interface driver usbfs
[    7.381074] usbcore: registered new interface driver hub
[    7.463160] usbcore: registered new device driver usb
[    7.511416] PCI: Using ACPI for IRQ routing
[    7.518529] NetLabel: Initializing
[    7.528355] NetLabel:  domain hash size = 128
[    7.529976] NetLabel:  protocols = UNLABELED CIPSOv4
[    7.533020] NetLabel:  unlabeled traffic allowed by default
[    7.537141] amd_nb: Cannot enumerate AMD northbridges
[    7.543324] clocksource: Switched to clocksource kvm-clock
[    7.556070] AppArmor: AppArmor Filesystem Enabled
[    7.568745] pnp: PnP ACPI init
[    7.571208] pnp: PnP ACPI: found 3 devices
[    7.588796] clocksource: acpi_pm: mask: 0xffffff max_cycles: 0xffffff, max_idle_ns: 2085701024 ns
[    7.605565] NET: Registered protocol family 2
[    7.607565] TCP established hash table entries: 8192 (order: 4, 65536 bytes)
[    7.613317] TCP bind hash table entries: 8192 (order: 5, 131072 bytes)
[    7.615289] TCP: Hash tables configured (established 8192 bind 8192)
[    7.617272] UDP hash table entries: 512 (order: 2, 16384 bytes)
[    7.621233] UDP-Lite hash table entries: 512 (order: 2, 16384 bytes)
[    7.623435] NET: Registered protocol family 1
[    7.626557] pci 0000:00:00.0: Limiting direct PCI/PCI transfers
[    7.672394] pci 0000:00:01.0: Activating ISA DMA hang workarounds
[    7.674770] Unpacking initramfs...
[    7.936486] Freeing initrd memory: 14884K
[    7.987360] RAPL PMU detected, API unit is 2^-32 Joules, 3 fixed counters 10737418240 ms ovfl timer
[    7.989580] hw unit of domain pp0-core 2^-0 Joules
[    7.990704] hw unit of domain package 2^-0 Joules
[    7.991893] hw unit of domain pp1-gpu 2^-0 Joules
[    7.993027] clocksource: tsc: mask: 0xffffffffffffffff max_cycles: 0x2113f3e285e, max_idle_ns: 440795211891 ns
[    7.995464] platform rtc_cmos: registered platform RTC device (no PNP device found)
[    8.017592] Scanning for low memory corruption every 60 seconds
[    8.019553] audit: initializing netlink subsys (disabled)
[    8.028849] audit: type=2000 audit(1608444692.570:1): initialized
[    8.030536] Initialise system trusted keyring
[    8.031826] HugeTLB registered 2 MB page size, pre-allocated 0 pages
[    8.037804] zbud: loaded
[    8.038961] VFS: Disk quotas dquot_6.6.0
[    8.040031] VFS: Dquot-cache hash table entries: 512 (order 0, 4096 bytes)
[    8.042438] squashfs: version 4.0 (2009/01/31) Phillip Lougher
[    8.055144] fuse init (API version 7.23)
[    8.100384] Key type big_key registered
[    8.191398] Allocating IMA MOK and blacklist keyrings.
[    8.336924] Key type asymmetric registered
[    8.376133] Asymmetric key parser 'x509' registered
[    8.457341] Block layer SCSI generic (bsg) driver version 0.4 loaded (major 249)
[    8.513996] io scheduler noop registered
[    8.515046] io scheduler deadline registered (default)
[    8.516338] io scheduler cfq registered
[    8.517503] pci_hotplug: PCI Hot Plug PCI Core version: 0.5
[    8.518787] pciehp: PCI Express Hot Plug Controller Driver version: 0.4
[    8.520445] ACPI: AC Adapter [AC] (on-line)
[    8.521513] input: Power Button as /devices/LNXSYSTM:00/LNXPWRBN:00/input/input0
[    8.523307] ACPI: Power Button [PWRF]
[    8.573751] input: Sleep Button as /devices/LNXSYSTM:00/LNXSLPBN:00/input/input1
[    8.668691] ACPI: Sleep Button [SLPF]
[    8.705165] GHES: HEST is not enabled!
[    8.706312] ACPI: Battery Slot [BAT0] (battery present)
[    8.717374] Serial: 8250/16550 driver, 32 ports, IRQ sharing enabled
[    8.743570] 00:02: ttyS0 at I/O 0x3f8 (irq = 4, base_baud = 115200) is a 16550A
[    8.752876] Linux agpgart interface v0.103
[    8.781943] loop: module loaded
[    8.792174] scsi host0: ata_piix
[    8.804447] scsi host1: ata_piix
[    8.805670] ata1: PATA max UDMA/33 cmd 0x1f0 ctl 0x3f6 bmdma 0xd000 irq 14
[    8.808101] ata2: PATA max UDMA/33 cmd 0x170 ctl 0x376 bmdma 0xd008 irq 15
[    8.840204] libphy: Fixed MDIO Bus: probed
[    8.845494] tun: Universal TUN/TAP device driver, 1.6
[    8.847033] tun: (C) 1999-2004 Max Krasnyansky <maxk@qualcomm.com>
[    8.849033] PPP generic driver version 2.4.2
[    8.850532] ehci_hcd: USB 2.0 'Enhanced' Host Controller (EHCI) Driver
[    8.868738] ehci-pci: EHCI PCI platform driver
[    8.869830] ehci-platform: EHCI generic platform driver
[    8.871028] ohci_hcd: USB 1.1 'Open' Host Controller (OHCI) Driver
[    8.872439] ohci-pci: OHCI PCI platform driver
[    8.873515] ohci-platform: OHCI generic platform driver
[    8.874717] uhci_hcd: USB Universal Host Controller Interface driver
[    8.897915] i8042: PNP: PS/2 Controller [PNP0303:PS2K,PNP0f03:PS2M] at 0x60,0x64 irq 1,12
[    8.945194] serio: i8042 KBD port at 0x60,0x64 irq 1
[    8.954426] serio: i8042 AUX port at 0x60,0x64 irq 12
[    8.956111] mousedev: PS/2 mouse device common for all mice
[    8.957828] input: AT Translated Set 2 keyboard as /devices/platform/i8042/serio0/input/input2
[    8.960429] rtc_cmos rtc_cmos: rtc core: registered rtc_cmos as rtc0
[    8.961892] rtc_cmos rtc_cmos: alarms up to one day, 114 bytes nvram
[    8.981332] i2c /dev entries driver
[    8.982300] device-mapper: uevent: version 1.0.3
[    8.983638] device-mapper: ioctl: 4.34.0-ioctl (2015-10-28) initialised: dm-devel@redhat.com
[    8.985636] ledtrig-cpu: registered to indicate activity on CPUs
[    8.987679] NET: Registered protocol family 10
[    9.012190] NET: Registered protocol family 17
[    9.018709] Key type dns_resolver registered
[    9.020661] registered taskstats version 1
[    9.021713] Loading compiled-in X.509 certificates
[    9.023681] Loaded X.509 cert 'Build time autogenerated kernel key: 34492021b4051d5295bb5f61ac4b8fe0de34ccb2'
[    9.051203] zswap: loaded using pool lzo/zbud
[    9.055288] Key type trusted registered
[    9.095654] Key type encrypted registered
[    9.147466] AppArmor: AppArmor sha1 policy hashing enabled
[    9.216009] ima: No TPM chip found, activating TPM-bypass!
[    9.275837] ima: Allocated hash algorithm: sha1
[    9.277029] evm: HMAC attrs: 0x1
[    9.278338]   Magic number: 0:790:165
[    9.286444] rtc_cmos rtc_cmos: setting system clock to 2020-12-20 06:11:35 UTC (1608444695)
[    9.288756] BIOS EDD facility v0.16 2004-Jun-25, 0 devices found
[    9.290088] EDD information not available.
[    9.297756] Freeing unused kernel memory: 1492K
[    9.315432] Write protecting the kernel read-only data: 14336k
[    9.385930] Freeing unused kernel memory: 1592K
[    9.533046] Freeing unused kernel memory: 64K
Loading, please wait...
starting version[    9.678791] random: systemd-udevd: uninitialized urandom read (16 bytes read, 3 bits of entropy available)
 229
[    9.679600] random: udevadm: uninitialized urandom read (16 bytes read, 3 bits of entropy available)
[    9.679634] random: udevadm: uninitialized urandom read (16 bytes read, 3 bits of entropy available)
[    9.696031] random: udevadm: uninitialized urandom read (16 bytes read, 3 bits of entropy available)
[    9.696101] random: udevadm: uninitialized urandom read (16 bytes read, 3 bits of entropy available)
[    9.696357] random: udevadm: uninitialized urandom read (16 bytes read, 3 bits of entropy available)
[    9.696454] random: udevadm: uninitialized urandom read (16 bytes read, 3 bits of entropy available)
[    9.696586] random: udevadm: uninitialized urandom read (16 bytes read, 3 bits of entropy available)
[    9.696690] random: udevadm: uninitialized urandom read (16 bytes read, 3 bits of entropy available)
[    9.696783] random: udevadm: uninitialized urandom read (16 bytes read, 3 bits of entropy available)
[   10.300205] Fusion MPT base driver 3.04.20
[   10.300347] e1000: Intel(R) PRO/1000 Network Driver - version 7.3.21-k8-NAPI
[   10.300348] e1000: Copyright (c) 1999-2006 Intel Corporation.
[   10.320095] Copyright (c) 1999-2008 LSI Corporation
[   10.326616] Fusion MPT SPI Host driver 3.04.20
[   10.367237] AVX version of gcm_enc/dec engaged.
[   10.373914] AES CTR mode by8 optimization enabled
[   10.536039] input: ImExPS/2 Generic Explorer Mouse as /devices/platform/i8042/serio1/input/input4
[   10.700520] e1000 0000:00:03.0 eth0: (PCI:33MHz:32-bit) 02:8b:9b:7c:43:4a
[   10.816008] e1000 0000:00:03.0 eth0: Intel(R) PRO/1000 Network Connection
[   10.943306] e1000 0000:00:03.0 enp0s3: renamed from eth0
[   10.951102] mptbase: ioc0: Initiating bringup
[   11.016433] ioc0: LSI53C1030 A0: Capabilities={Initiator}
[   11.318671] scsi host2: ioc0: LSI53C1030 A0, FwRev=00000000h, Ports=1, MaxQ=256, IRQ=20
[   11.477851] scsi 2:0:0:0: Direct-Access     VBOX     HARDDISK         1.0  PQ: 0 ANSI: 5
[   11.511094] scsi target2:0:0: Beginning Domain Validation
[   11.524446] scsi target2:0:0: Domain Validation skipping write tests
[   11.530026] scsi target2:0:0: Ending Domain Validation
[   11.535415] scsi target2:0:0: asynchronous
[   11.572349] scsi 2:0:1:0: Direct-Access     VBOX     HARDDISK         1.0  PQ: 0 ANSI: 5
[   11.641341] scsi target2:0:1: Beginning Domain Validation
[   11.651781] scsi target2:0:1: Domain Validation skipping write tests
[   11.662791] scsi target2:0:1: Ending Domain Validation
[   11.664186] scsi target2:0:1: asynchronous
[   11.673232] sd 2:0:0:0: Attached scsi generic sg0 type 0
[   11.704633] sd 2:0:0:0: [sda] 20971520 512-byte logical blocks: (10.7 GB/10.0 GiB)
[   11.801165] sd 2:0:0:0: [sda] Write Protect is off
[   11.804898] sd 2:0:1:0: [sdb] 20480 512-byte logical blocks: (10.5 MB/10.0 MiB)
[   11.867936] sd 2:0:1:0: Attached scsi generic sg1 type 0
[   11.867963] sd 2:0:0:0: [sda] Incomplete mode parameter data
[   11.867965] sd 2:0:0:0: [sda] Assuming drive cache: write through
[   11.948608] sd 2:0:1:0: [sdb] Write Protect is off
[   11.978941] sd 2:0:1:0: [sdb] Incomplete mode parameter data
[   12.023159] sd 2:0:1:0: [sdb] Assuming drive cache: write through
[   12.094762]  sda: sda1
[   12.138266] sd 2:0:0:0: [sda] Attached SCSI disk
[   12.280793] sd 2:0:1:0: [sdb] Attached SCSI disk
Begin: Loading essential drivers[   13.904969] md: linear personality registered for level -1
 ... [   13.926862] md: multipath personality registered for level -4
[   13.946080] md: raid0 personality registered for level 0
[   13.979042] md: raid1 personality registered for level 1
[   14.063671] raid6: sse2x1   gen()  7189 MB/s
[   14.224003] raid6: sse2x1   xor()  5800 MB/s
[   14.388211] raid6: sse2x2   gen()  8941 MB/s
[   14.504544] raid6: sse2x2   xor()  6378 MB/s
[   14.659957] raid6: sse2x4   gen() 10362 MB/s
[   14.735357] raid6: sse2x4   xor()  7618 MB/s
[   14.748884] raid6: using algorithm sse2x4 gen() 10362 MB/s
[   14.750214] raid6: .... xor() 7618 MB/s, rmw enabled
[   14.756917] raid6: using ssse3x2 recovery algorithm
[   14.759985] xor: automatically using best checksumming function:
[   14.895481]    avx       : 17630.000 MB/sec
[   14.907427] async_tx: api initialized (async)
[   14.966589] md: raid6 personality registered for level 6
[   15.047632] md: raid5 personality registered for level 5
[   15.126818] md: raid4 personality registered for level 4
[   15.233297] md: raid10 personality registered for level 10
done.
Begin: Running /scripts/init-premount ... done.
Begin: M[   15.349608] Btrfs loaded
ounting root file system ... Begin: Running /scripts/local-top ... done.
Begin: Running /scripts/local-premount ... Scanning for Btrfs filesystems
done.
Warning: fsck no[   15.452928] EXT4-fs (sda1): INFO: recovery required on readonly filesystem
t present, so sk[   15.511060] EXT4-fs (sda1): write access will be enabled during recovery
ipping root file system
[   15.683333] EXT4-fs (sda1): recovery complete
[   15.765866] EXT4-fs (sda1): mounted filesystem with ordered data mode. Opts: (null)
done.
Begin: Running /scripts/local-bottom ... done.
Begin: Running /scripts/init-bottom ... done.
[   16.457031] random: nonblocking pool is initialized
[   17.143175] systemd[1]: systemd 229 running in system mode. (+PAM +AUDIT +SELINUX +IMA +APPARMOR +SMACK +SYSVINIT +UTMP +LIBCRYPTSETUP +GCRYPT +GNUTLS +ACL +XZ -LZ4 +SECCOMP +BLKID +ELFUTILS +KMOD -IDN)
[   17.412362] systemd[1]: Detected virtualization oracle.
[   17.467475] systemd[1]: Detected architecture x86-64.

Welcome to [1mUbuntu 16.04.7 LTS[0m!

[   17.616140] systemd[1]: Set hostname to <test-site>.
[   19.081334] systemd[1]: Listening on Journal Socket (/dev/log).
[[0;32m  OK  [0m] Listening on Journal Socket (/dev/log).
[   19.123966] systemd[1]: Listening on LVM2 metadata daemon socket.
[[0;32m  OK  [0m] Listening on LVM2 metadata daemon socket.
[   19.148373] systemd[1]: Reached target Swap.
[[0;32m  OK  [0m] Reached target Swap.
[   19.162260] systemd[1]: Listening on Journal Socket.
[[0;32m  OK  [0m] Listening on Journal Socket.
[   19.174285] systemd[1]: Reached target User and Group Name Lookups.
[[0;32m  OK  [0m] Reached target User and Group Name Lookups.
[   19.179764] systemd[1]: Listening on Journal Audit Socket.
[[0;32m  OK  [0m] Listening on Journal Audit Socket.
[   19.186128] systemd[1]: Created slice System Slice.
[[0;32m  OK  [0m] Created slice System Slice.
[   19.204872] systemd[1]: Mounting POSIX Message Queue File System...
         Mounting POSIX Message Queue File System...
[   19.228989] systemd[1]: Created slice system-serial\x2dgetty.slice.
[[0;32m  OK  [0m] Created slice system-serial\x2dgetty.slice.
[   19.235192] systemd[1]: Starting Nameserver information manager...
         Starting Nameserver information manager...
[   19.243394] systemd[1]: Starting Create list of required static device nodes for the current kernel...
         Starting Create list of required st... nodes for the current kernel...
[   19.253110] systemd[1]: Starting Remount Root and Kernel File Systems...
         Starting Remount Root and Kernel File Systems...
[   19.260159] systemd[1]: Started Trigger resolvconf update for networkd DNS.
[[0;32m  OK  [0m] Started Trigger resolvconf update for networkd DNS.
[   19.273366] systemd[1]: Listening on udev Kernel Socket.
[[0;32m  OK  [0m] Listening on udev Kernel Socket.
[   19.275978] systemd[1]: Reached target Encrypted Volumes.
[[0;32m  OK  [0m] Reached target Encrypted Volumes.
[   19.288473] systemd[1]: Starting Uncomplicated firewall...
         Starting Uncomplicated firewall...
[   19.297577] systemd[1]: Mounting Debug File System...
         Mounting Debug File System...
[   19.303432] systemd[1]: Listening on Syslog Socket.
[[0;32m  OK  [0m] Listening on Syslog Socket.
[   19.309557] systemd[1]: Starting Journal Service...
         Starting Journal Service...
[   19.355655] systemd[1]: Listening on udev Control Socket.
[[0;32m  OK  [[   19.382080] EXT4-fs (sda1): re-mounted. Opts: (null)
0m] Listening on udev Control Socket.
[   19.428240] systemd[1]: Mounting Huge Pages File System...
         Mounting Huge Pages File System...
[   19.449441] systemd[1]: Starting Load Kernel Modules...
         Starting Load Kernel Modules...
[   19.492230] systemd[1]: Starting Set console keymap...
         Starting Set console keymap...
[   19.503399] systemd[1]: Listening on LVM2 poll daemon socket.
[[0;32m  OK  [0m] Listening on LVM2 poll daemon socket.
[   19.511459] systemd[1]: Reached target System Time Synchronized.
[[0;32m  OK  [0m] Reached target System Time Synchronized.
[   19.564131] systemd[1]: Started Forward Password Requests to Wall Directory Watch.
[[0;32m  OK  [0m] Started Forward Password Requests to Wall Directory Watch.
[   19.571580] systemd[1]: Created slice User and Session Slice.
[[0;32m  OK  [0m] Created slic[   19.650594] Loading iSCSI transport class v2.0-870.
e User and Session Slice.
[   19.655358] systemd[1]: Reached target Slices.
[[0;32m  OK  [0m] Reached target Slices.
[   19.658147] systemd[1]: Listening on /dev/initctl Compatibility Named Pipe.
[[0;32m  OK  [0m] Listening on /dev/initctl Compatibility Named Pipe.
[   19.694991] iscsi: registered transport (tcp)
[   19.696563] systemd[1]: Listening on Device-mapper event daemon FIFOs.
[[0;32m  OK  [0m] Listening on Device-mapper event daemon FIFOs.
[   19.884267] systemd[1]: Set up automount Arbitrary Executable File Formats File System Automount Point.
[[0;32m  OK  [0m] Set up automount Arbitrary Ex[   19.985674] iscsi: registered transport (iser)
ecutab...ats File System Automount Point.
[   20.084449] systemd[1]: Starting Monitoring of LVM2 mirrors, snapshots etc. using dmeventd or progress polling...
         Starting Monitoring of LVM2 mirrors... dmeventd or progress polling...
[   20.265326] systemd[1]: Mounted POSIX Message Queue File System.
[[0;32m  OK  [0m] Mounted POSIX Message Queue File System.
[   20.289828] systemd[1]: Mounted Debug File System.
[[0;32m  OK  [0m] Mounted Debug File System.
[   20.355619] systemd[1]: Mounted Huge Pages File System.
[[0;32m  OK  [0m] Mounted Huge Pages File System.
[   20.467327] systemd[1]: Started Journal Service.
[[0;32m  OK  [0m] Started Journal Service.
[[0;32m  OK  [0m] Started Create list of required sta...ce nodes for the current kernel.
[[0;32m  OK  [0m] Started Remount Root and Kernel File Systems.
[[0;32m  OK  [0m] Started Uncomplicated firewall.
[[0;32m  OK  [0m] Started Load Kernel Modules.
[[0;32m  OK  [0m] Started Set console keymap.
[[0;32m  OK  [0m] Started Nameserver information manager.
[[0;32m  OK  [0m] Started LVM2 metadata daemon.
         Mounting FUSE Control File System...
         Starting Apply Kernel Variables...
         Starting Load/Save Random Seed...
         Starting udev Coldplug all Devices...
         Starting Create Static Device Nodes in /dev...
         Starting Flush Journal to Persistent Storage...
[[0;32m  OK  [0m] Mounted FUSE Control File System.
[[0;32m  OK  [0m] Started Load/Save Random Seed.
[[0;32m  OK  [0m] Started Apply Kernel Variables.
[[0;32m  OK  [0m] Started Flush Journal to Persistent Storage.
[[0;32m  OK  [0m] Started udev Coldplug all Devices.
[[0;32m  OK  [0m] Started Create Static Device Nodes in /dev.
         Starting udev Kernel Device Manager...
[[0;32m  OK  [0m] Started Monitoring of LVM2 mirrors,...ng dmeventd or progress polling.
[[0;32m  OK  [0m] Reached target Local File Systems (Pre).
[[0;32m  OK  [0m] Reached target Local File Systems.
         Starting Initial cloud-init job (pre-networking)...
         Starting Create Volatile Files and Directories...
         Starting Tell Plymouth To Write Out Runtime Data...
         Starting Set console font and keymap...
         Starting LSB: AppArmor initialization...
[[0;32m  OK  [0m] Started udev Kernel Device Manager.
[[0;32m  OK  [0m] Started Create Volatile Files and Directories.
         Starting Update UTMP about System Boot/Shutdown...
[[0;32m  OK  [0m] Started Dispatch Password Requests to Console Directory Watch.
[[0;32m  OK  [0m] Started Tell Plymouth To Write Out Runtime Data.
[[0;32m  OK  [0m] Started Update UTMP about System Boot/Shutdown.
[[0;32m  OK  [0m] Found device /dev/ttyS0.
[[0;32m  OK  [0m] Listening on Load/Save RF Kill Switch Status /dev/rfkill Watch.
[[0;32m  OK  [0m] Found device 82540EM Gigabit Ethern...r (PRO/1000 MT Desktop Adapter).
[[0;32m  OK  [0m] Started Set console font and keymap.
[[0;32m  OK  [0m] Created slice system-getty.slice.
[[0;32m  OK  [0m] Started LSB: AppArmor initialization.
         Starting Load AppArmor profiles managed internally by snapd...
[[0;32m  OK  [0m] Started Load AppArmor profiles managed internally by snapd.
[   19.340816] cloud-init[471]: Cloud-init v. 20.3-2-g371b392c-0ubuntu1~16.04.1 running 'init-local' at Sun, 20 Dec 2020 06:11:51 +0000. Up 18.63 seconds.
[[0;32m  OK  [0m] Started Initial cloud-init job (pre-networking).
[[0;32m  OK  [0m] Reached target Network (Pre).
         Starting Raise network interfaces...
[[0;32m  OK  [0m] Started ifup for enp0s3.
[[0;32m  OK  [0m] Started Raise network interfaces.
[[0;32m  OK  [0m] Reached target Network.
         Starting Initial cloud-init job (metadata service crawler)...
[   21.032531] cloud-init[982]: Cloud-init v. 20.3-2-g371b392c-0ubuntu1~16.04.1 running 'init' at Sun, 20 Dec 2020 06:11:53 +0000. Up 20.38 seconds.
[   21.051925] cloud-init[982]: ci-info: ++++++++++++++++++++++++++++++++++++++Net device info++++++++++++++++++++++++++++++++++++++
[   21.067313] cloud-init[982]: ci-info: +--------+------+----------------------------+---------------+--------+-------------------+
[   21.076656] cloud-init[982]: ci-info: | Device |  Up  |          Address           |      Mask     | Scope  |     Hw-Address    |
[   21.079668] cloud-init[982]: ci-info: +--------+------+----------------------------+---------------+--------+-------------------+
[   21.083267] cloud-init[982]: ci-info: | enp0s3 | True |         10.0.2.15          | 255.255.255.0 | global | 02:8b:9b:7c:43:4a |
[   21.087865] cloud-init[982]: ci-info: | enp0s3 | True | fe80::8b:9bff:fe7c:434a/64 |       .       |  link  | 02:8b:9b:7c:43:4a |
[   21.094966] cloud-init[982]: ci-info: |   lo   | True |         127.0.0.1          |   255.0.0.0   |  host  |         .         |
[   21.112868] cloud-init[982]: ci-info: |   lo   | True |          ::1/128           |       .       |  host  |         .         |
[   21.120671] cloud-init[982]: ci-info: +--------+------+----------------------------+---------------+--------+-------------------+
[   21.181230] [cloud-init[0;32m  OK  [0m[982]: ] ci-info: +++++++++++++++++++++++++++Route IPv4 info++++++++++++++++++++++++++++Started Initial cloud-init job (metadata service crawler).

[   21.181849] [cloud-init[0;32m  OK  [0m[982]: ] ci-info: +-------+-------------+----------+---------------+-----------+-------+Reached target System Initialization.

[   21.263751] cloud-init[982]: ci-info: | Route | Destination | Gateway  |    Genmask    | Interface | Flags |
[   21.269638] cloud-init[982]: ci-info: +-------+-------------+----------+---------------+-----------+-------+
[   21.273077] cloud-init[982]: ci-info: |   0   |   0.0.0.0   | 10.0.2.2 |    0.0.0.0    |   enp0s3  |   UG  |
[   21.276507] cloud-init[982]: ci-info: |   1   |   10.0.2.0  | 0.0.0.0  | 255.255.255.0 |   enp0s3  |   U   |
[   21.279872] cloud-init[982]: ci-info: +-------+-------------+----------+---------------+-----------+-------+
[[0;32m  OK  [0m] Started Message of the Day.
[   21.287895] cloud-init[982]: ci-info: +++++++++++++++++++Route IPv6 info+++++++++++++++++++
[   21.296245] cloud-init[[0;32m  OK  [0m] Listening on D-Bus System Message Bus Socket.
         Starting LXD - unix socket.
[[0;32m  OK  [0m] Listening on UUID daemon activation socket.
[[0;32m  OK  [0m] Started Daily Cleanup of Temporary Directories.
[982]: ci-info: +-------+-------------+---------+-----------+-------+
[   21.308264]          Starting Socket activation for snappy daemon.
[[0;32m  OK  [0m] Started Daily apt download activities.
[[0;32m  OK  [0m] Started Daily apt upgrade and clean activities.
[[0;32m  OK  [0m] Reached target Timers.
[[0;32m  OK  [0m] Listening on ACPID Listen Socket.
cloud-init[982]: ci-info: | Route | Destination | Gateway | Interface | Flags |
[   21.317056] [[0;32m  OK  [0m] Started ACPI Events Check.
[[0;32m  OK  [0m] Reached target Paths.
[[0;32m  OK  [0m] Reached target Cloud-config availability.
[[0;32m  OK  [0m] Reached target Network is Online.
cloud-init[982]: ci-info: +-------+-------------+---------+-----------+-------+
[   21.323564] cloud-init[982]: ci-info: |   0   |  fe80::/64  |    ::   |   enp0s3  |   U   |
[   21.329985] cloud-init[982]: ci-info: |   3   |   ff00::/8  |    ::   |   enp0s3  |   U   |
[   21.334581]          cloud-initStarting iSCSI initiator daemon (iscsid)...[982]: 
ci-info: +-------+-------------+---------+-----------+-------+
[[0;32m  OK  [0m] Listening on LXD - unix socket.
[[0;32m  OK  [0m] Listening on Socket activation for snappy daemon.
[[0;32m  OK  [0m] Reached target Sockets.
[[0;32m  OK  [0m] Reached target Basic System.
         Starting LSB: Record successful boot for GRUB...
[[0;32m  OK  [0m] Started ACPI event daemon.
         Starting Login Service...
         Starting LXD - container startup/shutdown...
[[0;32m  OK  [0m] Started Regular background program processing daemon.
         Starting Accounts Service...
[[0;32m  OK  [0m] Started Deferred execution scheduler.
         Starting /etc/rc.local Compatibility...
         Starting LSB: MD monitoring daemon...
         Starting System Logging Service...
         Starting Virtualbox guest utils...
         Starting The Marionette Collective...
[[0;32m  OK  [0m] Started Puppet agent.
         Starting OpenBSD Secure Shell server...
[[0;32m  OK  [0m] Started FUSE filesystem for LXC.
         Starting Snap Daemon...
[[0;32m  OK  [0m] Started D-Bus System Message Bus.
[[0;32m  OK  [0m] Started System Logging Service.
[[0;32m  OK  [0m] Started iSCSI initiator daemon (iscsid).
[[0;32m  OK  [0m] Started /etc/rc.local Compatibility.
         Starting Login to default iSCSI targets...
[[0;32m  OK  [0m] Started Login Service.
[[0;32m  OK  [0m] Started Unattended Upgrades Shutdown.
         Starting Authenticate and Authorize Users to Run Privileged Tasks...
[[0;32m  OK  [0m] Started LSB: Record successful boot for GRUB.
[[0;32m  OK  [0m] Started LSB: MD monitoring daemon.
[[0;32m  OK  [0m] Started Login to default iSCSI targets.
[[0;32m  OK  [0m] Reached target Remote File Systems (Pre).
[[0;32m  OK  [0m] Reached target Remote File Systems.
         Starting LSB: automatic crash report generation...
         Starting Permit User Sessions...
         Starting LSB: daemon to balance interrupts for SMP systems...
         Starting LSB: Set the CPU Frequency Scaling governor to "ondemand"...
         Starting nginx - high performance web server...
[[0;32m  OK  [0m] Started OpenBSD Secure Shell server.
[[0;32m  OK  [0m] Started Permit User Sessions.
         Starting Hold until boot process finishes up...
         Starting Terminate Plymouth Boot Screen...
[[0;32m  OK  [0m] Started LSB: Set the CPU Frequency Scaling governor to "ondemand".
[[0;32m  OK  [0m] Started Hold until boot process finishes up.
[[0;32m  OK  [0m] Started Terminate Plymouth Boot Screen.
         Starting Set console scheme...
[[0;32m  OK  [0m] Started Serial Getty on ttyS0.
[[0;32m  OK  [0m] Started Getty on tty1.
[[0;32m  OK  [0m] Reached target Login Prompts.
[[0;32m  OK  [0m] Started Set console scheme.
[[0;32m  OK  [0m] Started LSB: daemon to balance interrupts for SMP systems.
[[0;32m  OK  [0m] Started LSB: automatic crash report generation.
[[0;32m  OK  [0m] Started Authenticate and Authorize Users to Run Privileged Tasks.
[[0;32m  OK  [0m] Started Accounts Service.
[[0;1;31mFAILED[0m] Failed to start nginx - high performance web server.
See 'systemctl status nginx.service' for details.
[[0;32m  OK  [0m] Started Virtualbox guest utils.
[[0;32m  OK  [0m] Started LXD - container startup/shutdown.
[[0;32m  OK  [0m] Started Snap Daemon.
         Starting Wait until snapd is fully seeded...
[[0;32m  OK  [0m] Started Wait until snapd is fully seeded.
         Starting Apply the settings specified in cloud-config...
[   28.002040] cloud-init[1256]: Cloud-init v. 20.3-2-g371b392c-0ubuntu1~16.04.1 running 'modules:config' at Sun, 20 Dec 2020 06:12:00 +0000. Up 27.77 seconds.
[[0;32m  OK  [0m] Started Apply the settings specified in cloud-config.
[[0;32m  OK  [0m] Started The Marionette Collective.
[[0;32m  OK  [0m] Reached target Multi-User System.
[[0;32m  OK  [0m] Reached target Graphical Interface.
         Starting Update UTMP about System Runlevel Changes...
         Starting Execute cloud user/final scripts...
[[0;32m  OK  [0m] Started Update UTMP about System Runlevel Changes.
[   29.186200] cloud-init[1278]: Cloud-init v. 20.3-2-g371b392c-0ubuntu1~16.04.1 running 'modules:final' at Sun, 20 Dec 2020 06:12:02 +0000. Up 28.94 seconds.
[   29.186682] cloud-init[1278]: Cloud-init v. 20.3-2-g371b392c-0ubuntu1~16.04.1 finished at Sun, 20 Dec 2020 06:12:02 +0000. Datasource DataSourceNoCloud [seed=/dev/sdb][dsmode=net].  Up 29.17 seconds

Ubuntu 16.04.7 LTS test-site ttyS0

test-site login: 